2015-Dec-19 14:29:52.053920 bitmonero wallet v0.8.8.7-575af61
2015-Dec-19 14:29:52.053920 Setting log level = 0
2015-Dec-19 14:29:52.053920 default_log: E:\src\lightwallet2\desktop\simplewallet.log
2015-Dec-19 14:29:52.053920 Logging at log level 0 to E:\src\lightwallet2\desktop\simplewallet.log
2015-Dec-19 14:31:10.312694 bitmonero wallet v0.8.8.7-575af61
2015-Dec-19 14:31:10.312694 Setting log level = 0
2015-Dec-19 14:31:10.312694 default_log: E:\src\lightwallet2\desktop\simplewallet.log
2015-Dec-19 14:31:10.312694 Logging at log level 0 to E:\src\lightwallet2\desktop\simplewallet.log
2015-Dec-19 14:31:10.322698 ERROR C:/msys64/bitmonero-build/src/wallet/wallet2.cpp:706 boost::filesystem::exists(m_wallet_file, ignored_ec). THROW EXCEPTION: error::file_exists
2015-Dec-19 14:31:10.343698 C:/msys64/bitmonero-build/src/wallet/wallet2.cpp:706:N5tools5error15file_error_baseILi0EEE: file already exists "f"
2015-Dec-19 14:31:10.351737 Error: failed to generate new wallet: file already exists "f"
2015-Dec-19 14:31:10.352699 ERROR C:/msys64/bitmonero-build/src/simplewallet/simplewallet.cpp:751 account creation failed
2015-Dec-19 14:31:10.352699 ERROR C:/msys64/bitmonero-build/src/simplewallet/simplewallet.cpp:2252 Failed to initialize wallet
2015-Dec-19 14:48:33.513986 bitmonero wallet v0.8.8.7-575af61
2015-Dec-19 14:48:33.528025 Setting log level = 0
2015-Dec-19 14:48:33.528025 default_log: E:\src\lightwallet2\desktop\simplewallet.log
2015-Dec-19 14:48:33.528025 Logging at log level 0 to E:\src\lightwallet2\desktop\simplewallet.log
2015-Dec-19 22:10:17.047590 bitmonero wallet v0.8.8.7-575af61
2015-Dec-19 22:10:17.048590 Setting log level = 0
2015-Dec-19 22:10:17.048590 default_log: E:\src\lightwallet2\desktop\simplewallet.log
2015-Dec-19 22:10:17.048590 Logging at log level 0 to E:\src\lightwallet2\desktop\simplewallet.log
